State 3 conflicts: 1 shift/reduce
State 15 conflicts: 2 shift/reduce
State 20 conflicts: 1 shift/reduce
State 24 conflicts: 2 shift/reduce
State 32 conflicts: 1 shift/reduce
State 58 conflicts: 13 shift/reduce
State 60 conflicts: 13 shift/reduce
State 74 conflicts: 11 shift/reduce
State 77 conflicts: 1 shift/reduce


Grammar

    0 $accept: Goal $end

    1 Goal: MainClass OptionalClassList

    2 MainClass: CLASS Identifier '{' PUBLIC STATIC VOID MAIN LP STRING LHKP RHKP Identifier RP '{' Statement '}' '}'

    3 OptionalClassList: OptionalClassList ClassDeclaration
    4                  | ClassDeclaration
    5                  | %empty

    6 ClassDeclaration: CLASS Identifier '{' VarList MethodList '}'
    7                 | CLASS Identifier EXTENDS Identifier '{' VarList MethodList '}'

    8 VarList: VarList VarDeclaration
    9        | VarDeclaration
   10        | %empty

   11 VarDeclaration: Type Identifier ';'

   12 MethodList: MethodList MethodDeclaration
   13           | MethodDeclaration
   14           | %empty

   15 MethodDeclaration: PUBLIC VOID Identifier LP MethodParameterList RP '{' MethodBodyDeclaration '}'
   16                  | PUBLIC Type Identifier LP MethodParameterList RP '{' MethodBodyDeclaration RETURN Expression ';' '}'

   17 MethodBodyDeclaration: MethodBodyDeclaration Statement
   18                      | VarList
   19                      | StatementList

   20 MethodParameterList: MethodParameterList ',' MethodParameterDecl
   21                    | MethodParameterDecl
   22                    | %empty

   23 MethodParameterDecl: Type Identifier

   24 Type: T_Int
   25     | T_Int LHKP RHKP
   26     | T_Bool

   27 StatementList: StatementList Statement
   28              | Statement

   29 Statement: IF LP Expression RP '{' StatementList '}' ELSE '{' StatementList '}'
   30          | WHILE LP Expression RP '{' StatementList '}'
   31          | SYS_PRINTLN LP Expression RP ';'
   32          | Identifier '=' Expression ';'
   33          | Identifier LHKP Expression RHKP '=' Expression ';'
   34          | Expression

   35 Expression: Expression AND Expression
   36           | Expression OR Expression
   37           | Expression LT Expression
   38           | Expression GT Expression
   39           | Expression EQ Expression
   40           | Expression PLUSOP Expression
   41           | Expression MINOP Expression
   42           | Expression MULOP Expression
   43           | Expression DIVOP Expression
   44           | Expression LHKP Expression RHKP
   45           | Expression DOT LENGTH
   46           | Expression DOT Identifier LP FunctionArgumentList RP
   47           | INTEGER_LITERAL
   48           | T_True
   49           | T_False
   50           | Identifier
   51           | THIS
   52           | NEW T_Int LHKP Expression RHKP
   53           | NEW Identifier LP RP
   54           | NOT Expression
   55           | LP Expression RP

   56 FunctionArgumentList: FunctionArgumentList ',' Expression
   57                     | Expression
   58                     | %empty

   59 Identifier: IDENTIFIER


Terminals, with rules where they appear

    $end (0) 0
    ',' (44) 20 56
    ';' (59) 11 16 31 32 33
    '=' (61) 32 33
    '{' (123) 2 6 7 15 16 29 30
    '}' (125) 2 6 7 15 16 29 30
    error (256)
    INTEGER_LITERAL <std::string> (258) 47
    IDENTIFIER <std::string> (259) 59
    CLASS (260) 2 6 7
    MAIN (261) 2
    EXTENDS (262) 7
    STRING (263) 2
    PUBLIC (264) 2 15 16
    STATIC (265) 2
    VOID (266) 2 15
    T_Int <std::string> (267) 24 25 52
    T_Bool <std::string> (268) 26
    T_True <std::string> (269) 48
    T_False <std::string> (270) 49
    RETURN (271) 16
    LENGTH (272) 45
    IF (273) 29
    ELSE (274) 29
    WHILE (275) 30
    SYS_PRINTLN (276) 31
    THIS (277) 51
    NEW (278) 52 53
    PLUSOP (279) 40
    MINOP (280) 41
    MULOP (281) 42
    DIVOP (282) 43
    AND (283) 35
    OR (284) 36
    EQ (285) 39
    LT (286) 37
    GT (287) 38
    DOT (288) 45 46
    NOT (289) 54
    LHKP (290) 2 25 33 44 52
    RHKP (291) 2 25 33 44 52
    LP (292) 2 15 16 29 30 31 46 53 55
    RP (293) 2 15 16 29 30 31 46 53 55


Nonterminals, with rules where they appear

    $accept (44)
        on left: 0
    Goal <Node *> (45)
        on left: 1
        on right: 0
    MainClass <Node *> (46)
        on left: 2
        on right: 1
    OptionalClassList <Node *> (47)
        on left: 3 4 5
        on right: 1 3
    ClassDeclaration <Node *> (48)
        on left: 6 7
        on right: 3 4
    VarList <Node *> (49)
        on left: 8 9 10
        on right: 6 7 8 18
    VarDeclaration <Node *> (50)
        on left: 11
        on right: 8 9
    MethodList <Node *> (51)
        on left: 12 13 14
        on right: 6 7 12
    MethodDeclaration <Node *> (52)
        on left: 15 16
        on right: 12 13
    MethodBodyDeclaration <Node *> (53)
        on left: 17 18 19
        on right: 15 16 17
    MethodParameterList <Node *> (54)
        on left: 20 21 22
        on right: 15 16 20
    MethodParameterDecl <Node *> (55)
        on left: 23
        on right: 20 21
    Type <Node *> (56)
        on left: 24 25 26
        on right: 11 16 23
    StatementList <Node *> (57)
        on left: 27 28
        on right: 19 27 29 30
    Statement <Node *> (58)
        on left: 29 30 31 32 33 34
        on right: 2 17 27 28
    Expression <Node *> (59)
        on left: 35 36 37 38 39 40 41 42 43 44 45 46 47 48 49 50 51 52 53 54 55
        on right: 16 29 30 31 32 33 34 35 36 37 38 39 40 41 42 43 44 45 46 52 54 55 56 57
    FunctionArgumentList <Node *> (60)
        on left: 56 57 58
        on right: 46 56
    Identifier <Node *> (61)
        on left: 59
        on right: 2 6 7 11 15 16 23 32 33 46 50 53


State 0

    0 $accept: . Goal $end

    CLASS  shift, and go to state 1

    Goal       go to state 2
    MainClass  go to state 3


State 1

    2 MainClass: CLASS . Identifier '{' PUBLIC STATIC VOID MAIN LP STRING LHKP RHKP Identifier RP '{' Statement '}' '}'

    IDENTIFIER  shift, and go to state 4

    Identifier  go to state 5


State 2

    0 $accept: Goal . $end

    $end  shift, and go to state 6


State 3

    1 Goal: MainClass . OptionalClassList

    CLASS  shift, and go to state 7

    CLASS     [reduce using rule 5 (OptionalClassList)]
    $default  reduce using rule 5 (OptionalClassList)

    OptionalClassList  go to state 8
    ClassDeclaration   go to state 9


State 4

   59 Identifier: IDENTIFIER .

    $default  reduce using rule 59 (Identifier)


State 5

    2 MainClass: CLASS Identifier . '{' PUBLIC STATIC VOID MAIN LP STRING LHKP RHKP Identifier RP '{' Statement '}' '}'

    '{'  shift, and go to state 10


State 6

    0 $accept: Goal $end .

    $default  accept


State 7

    6 ClassDeclaration: CLASS . Identifier '{' VarList MethodList '}'
    7                 | CLASS . Identifier EXTENDS Identifier '{' VarList MethodList '}'

    IDENTIFIER  shift, and go to state 4

    Identifier  go to state 11


State 8

    1 Goal: MainClass OptionalClassList .
    3 OptionalClassList: OptionalClassList . ClassDeclaration

    CLASS  shift, and go to state 7

    $default  reduce using rule 1 (Goal)

    ClassDeclaration  go to state 12


State 9

    4 OptionalClassList: ClassDeclaration .

    $default  reduce using rule 4 (OptionalClassList)


State 10

    2 MainClass: CLASS Identifier '{' . PUBLIC STATIC VOID MAIN LP STRING LHKP RHKP Identifier RP '{' Statement '}' '}'

    PUBLIC  shift, and go to state 13


State 11

    6 ClassDeclaration: CLASS Identifier . '{' VarList MethodList '}'
    7                 | CLASS Identifier . EXTENDS Identifier '{' VarList MethodList '}'

    EXTENDS  shift, and go to state 14
    '{'      shift, and go to state 15


State 12

    3 OptionalClassList: OptionalClassList ClassDeclaration .

    $default  reduce using rule 3 (OptionalClassList)


State 13

    2 MainClass: CLASS Identifier '{' PUBLIC . STATIC VOID MAIN LP STRING LHKP RHKP Identifier RP '{' Statement '}' '}'

    STATIC  shift, and go to state 16


State 14

    7 ClassDeclaration: CLASS Identifier EXTENDS . Identifier '{' VarList MethodList '}'

    IDENTIFIER  shift, and go to state 4

    Identifier  go to state 17


State 15

    6 ClassDeclaration: CLASS Identifier '{' . VarList MethodList '}'

    T_Int   shift, and go to state 18
    T_Bool  shift, and go to state 19

    T_Int     [reduce using rule 10 (VarList)]
    T_Bool    [reduce using rule 10 (VarList)]
    $default  reduce using rule 10 (VarList)

    VarList         go to state 20
    VarDeclaration  go to state 21
    Type            go to state 22


State 16

    2 MainClass: CLASS Identifier '{' PUBLIC STATIC . VOID MAIN LP STRING LHKP RHKP Identifier RP '{' Statement '}' '}'

    VOID  shift, and go to state 23


State 17

    7 ClassDeclaration: CLASS Identifier EXTENDS Identifier . '{' VarList MethodList '}'

    '{'  shift, and go to state 24


State 18

   24 Type: T_Int .
   25     | T_Int . LHKP RHKP

    LHKP  shift, and go to state 25

    $default  reduce using rule 24 (Type)


State 19

   26 Type: T_Bool .

    $default  reduce using rule 26 (Type)


State 20

    6 ClassDeclaration: CLASS Identifier '{' VarList . MethodList '}'
    8 VarList: VarList . VarDeclaration

    PUBLIC  shift, and go to state 26
    T_Int   shift, and go to state 18
    T_Bool  shift, and go to state 19

    PUBLIC    [reduce using rule 14 (MethodList)]
    $default  reduce using rule 14 (MethodList)

    VarDeclaration     go to state 27
    MethodList         go to state 28
    MethodDeclaration  go to state 29
    Type               go to state 22


State 21

    9 VarList: VarDeclaration .

    $default  reduce using rule 9 (VarList)


State 22

   11 VarDeclaration: Type . Identifier ';'

    IDENTIFIER  shift, and go to state 4

    Identifier  go to state 30


State 23

    2 MainClass: CLASS Identifier '{' PUBLIC STATIC VOID . MAIN LP STRING LHKP RHKP Identifier RP '{' Statement '}' '}'

    MAIN  shift, and go to state 31


State 24

    7 ClassDeclaration: CLASS Identifier EXTENDS Identifier '{' . VarList MethodList '}'

    T_Int   shift, and go to state 18
    T_Bool  shift, and go to state 19

    T_Int     [reduce using rule 10 (VarList)]
    T_Bool    [reduce using rule 10 (VarList)]
    $default  reduce using rule 10 (VarList)

    VarList         go to state 32
    VarDeclaration  go to state 21
    Type            go to state 22


State 25

   25 Type: T_Int LHKP . RHKP

    RHKP  shift, and go to state 33


State 26

   15 MethodDeclaration: PUBLIC . VOID Identifier LP MethodParameterList RP '{' MethodBodyDeclaration '}'
   16                  | PUBLIC . Type Identifier LP MethodParameterList RP '{' MethodBodyDeclaration RETURN Expression ';' '}'

    VOID    shift, and go to state 34
    T_Int   shift, and go to state 18
    T_Bool  shift, and go to state 19

    Type  go to state 35


State 27

    8 VarList: VarList VarDeclaration .

    $default  reduce using rule 8 (VarList)


State 28

    6 ClassDeclaration: CLASS Identifier '{' VarList MethodList . '}'
   12 MethodList: MethodList . MethodDeclaration

    PUBLIC  shift, and go to state 26
    '}'     shift, and go to state 36

    MethodDeclaration  go to state 37


State 29

   13 MethodList: MethodDeclaration .

    $default  reduce using rule 13 (MethodList)


State 30

   11 VarDeclaration: Type Identifier . ';'

    ';'  shift, and go to state 38


State 31

    2 MainClass: CLASS Identifier '{' PUBLIC STATIC VOID MAIN . LP STRING LHKP RHKP Identifier RP '{' Statement '}' '}'

    LP  shift, and go to state 39


State 32

    7 ClassDeclaration: CLASS Identifier EXTENDS Identifier '{' VarList . MethodList '}'
    8 VarList: VarList . VarDeclaration

    PUBLIC  shift, and go to state 26
    T_Int   shift, and go to state 18
    T_Bool  shift, and go to state 19

    PUBLIC    [reduce using rule 14 (MethodList)]
    $default  reduce using rule 14 (MethodList)

    VarDeclaration     go to state 27
    MethodList         go to state 40
    MethodDeclaration  go to state 29
    Type               go to state 22


State 33

   25 Type: T_Int LHKP RHKP .

    $default  reduce using rule 25 (Type)


State 34

   15 MethodDeclaration: PUBLIC VOID . Identifier LP MethodParameterList RP '{' MethodBodyDeclaration '}'

    IDENTIFIER  shift, and go to state 4

    Identifier  go to state 41


State 35

   16 MethodDeclaration: PUBLIC Type . Identifier LP MethodParameterList RP '{' MethodBodyDeclaration RETURN Expression ';' '}'

    IDENTIFIER  shift, and go to state 4

    Identifier  go to state 42


State 36

    6 ClassDeclaration: CLASS Identifier '{' VarList MethodList '}' .

    $default  reduce using rule 6 (ClassDeclaration)


State 37

   12 MethodList: MethodList MethodDeclaration .

    $default  reduce using rule 12 (MethodList)


State 38

   11 VarDeclaration: Type Identifier ';' .

    $default  reduce using rule 11 (VarDeclaration)


State 39

    2 MainClass: CLASS Identifier '{' PUBLIC STATIC VOID MAIN LP . STRING LHKP RHKP Identifier RP '{' Statement '}' '}'

    STRING  shift, and go to state 43


State 40

    7 ClassDeclaration: CLASS Identifier EXTENDS Identifier '{' VarList MethodList . '}'
   12 MethodList: MethodList . MethodDeclaration

    PUBLIC  shift, and go to state 26
    '}'     shift, and go to state 44

    MethodDeclaration  go to state 37


State 41

   15 MethodDeclaration: PUBLIC VOID Identifier . LP MethodParameterList RP '{' MethodBodyDeclaration '}'

    LP  shift, and go to state 45


State 42

   16 MethodDeclaration: PUBLIC Type Identifier . LP MethodParameterList RP '{' MethodBodyDeclaration RETURN Expression ';' '}'

    LP  shift, and go to state 46


State 43

    2 MainClass: CLASS Identifier '{' PUBLIC STATIC VOID MAIN LP STRING . LHKP RHKP Identifier RP '{' Statement '}' '}'

    LHKP  shift, and go to state 47


State 44

    7 ClassDeclaration: CLASS Identifier EXTENDS Identifier '{' VarList MethodList '}' .

    $default  reduce using rule 7 (ClassDeclaration)


State 45

   15 MethodDeclaration: PUBLIC VOID Identifier LP . MethodParameterList RP '{' MethodBodyDeclaration '}'

    T_Int   shift, and go to state 18
    T_Bool  shift, and go to state 19

    $default  reduce using rule 22 (MethodParameterList)

    MethodParameterList  go to state 48
    MethodParameterDecl  go to state 49
    Type                 go to state 50


State 46

   16 MethodDeclaration: PUBLIC Type Identifier LP . MethodParameterList RP '{' MethodBodyDeclaration RETURN Expression ';' '}'

    T_Int   shift, and go to state 18
    T_Bool  shift, and go to state 19

    $default  reduce using rule 22 (MethodParameterList)

    MethodParameterList  go to state 51
    MethodParameterDecl  go to state 49
    Type                 go to state 50


State 47

    2 MainClass: CLASS Identifier '{' PUBLIC STATIC VOID MAIN LP STRING LHKP . RHKP Identifier RP '{' Statement '}' '}'

    RHKP  shift, and go to state 52


State 48

   15 MethodDeclaration: PUBLIC VOID Identifier LP MethodParameterList . RP '{' MethodBodyDeclaration '}'
   20 MethodParameterList: MethodParameterList . ',' MethodParameterDecl

    RP   shift, and go to state 53
    ','  shift, and go to state 54


State 49

   21 MethodParameterList: MethodParameterDecl .

    $default  reduce using rule 21 (MethodParameterList)


State 50

   23 MethodParameterDecl: Type . Identifier

    IDENTIFIER  shift, and go to state 4

    Identifier  go to state 55


State 51

   16 MethodDeclaration: PUBLIC Type Identifier LP MethodParameterList . RP '{' MethodBodyDeclaration RETURN Expression ';' '}'
   20 MethodParameterList: MethodParameterList . ',' MethodParameterDecl

    RP   shift, and go to state 56
    ','  shift, and go to state 54


State 52

    2 MainClass: CLASS Identifier '{' PUBLIC STATIC VOID MAIN LP STRING LHKP RHKP . Identifier RP '{' Statement '}' '}'

    IDENTIFIER  shift, and go to state 4

    Identifier  go to state 57


State 53

   15 MethodDeclaration: PUBLIC VOID Identifier LP MethodParameterList RP . '{' MethodBodyDeclaration '}'

    '{'  shift, and go to state 58


State 54

   20 MethodParameterList: MethodParameterList ',' . MethodParameterDecl

    T_Int   shift, and go to state 18
    T_Bool  shift, and go to state 19

    MethodParameterDecl  go to state 59
    Type                 go to state 50


State 55

   23 MethodParameterDecl: Type Identifier .

    $default  reduce using rule 23 (MethodParameterDecl)


State 56

   16 MethodDeclaration: PUBLIC Type Identifier LP MethodParameterList RP . '{' MethodBodyDeclaration RETURN Expression ';' '}'

    '{'  shift, and go to state 60


State 57

    2 MainClass: CLASS Identifier '{' PUBLIC STATIC VOID MAIN LP STRING LHKP RHKP Identifier . RP '{' Statement '}' '}'

    RP  shift, and go to state 61


State 58

   15 MethodDeclaration: PUBLIC VOID Identifier LP MethodParameterList RP '{' . MethodBodyDeclaration '}'

    INTEGER_LITERAL  shift, and go to state 62
    IDENTIFIER       shift, and go to state 4
    T_Int            shift, and go to state 18
    T_Bool           shift, and go to state 19
    T_True           shift, and go to state 63
    T_False          shift, and go to state 64
    IF               shift, and go to state 65
    WHILE            shift, and go to state 66
    SYS_PRINTLN      shift, and go to state 67
    THIS             shift, and go to state 68
    NEW              shift, and go to state 69
    NOT              shift, and go to state 70
    LP               shift, and go to state 71

    INTEGER_LITERAL  [reduce using rule 10 (VarList)]
    IDENTIFIER       [reduce using rule 10 (VarList)]
    T_Int            [reduce using rule 10 (VarList)]
    T_Bool           [reduce using rule 10 (VarList)]
    T_True           [reduce using rule 10 (VarList)]
    T_False          [reduce using rule 10 (VarList)]
    IF               [reduce using rule 10 (VarList)]
    WHILE            [reduce using rule 10 (VarList)]
    SYS_PRINTLN      [reduce using rule 10 (VarList)]
    THIS             [reduce using rule 10 (VarList)]
    NEW              [reduce using rule 10 (VarList)]
    NOT              [reduce using rule 10 (VarList)]
    LP               [reduce using rule 10 (VarList)]
    $default         reduce using rule 10 (VarList)

    VarList                go to state 72
    VarDeclaration         go to state 21
    MethodBodyDeclaration  go to state 73
    Type                   go to state 22
    StatementList          go to state 74
    Statement              go to state 75
    Expression             go to state 76
    Identifier             go to state 77


State 59

   20 MethodParameterList: MethodParameterList ',' MethodParameterDecl .

    $default  reduce using rule 20 (MethodParameterList)


State 60

   16 MethodDeclaration: PUBLIC Type Identifier LP MethodParameterList RP '{' . MethodBodyDeclaration RETURN Expression ';' '}'

    INTEGER_LITERAL  shift, and go to state 62
    IDENTIFIER       shift, and go to state 4
    T_Int            shift, and go to state 18
    T_Bool           shift, and go to state 19
    T_True           shift, and go to state 63
    T_False          shift, and go to state 64
    IF               shift, and go to state 65
    WHILE            shift, and go to state 66
    SYS_PRINTLN      shift, and go to state 67
    THIS             shift, and go to state 68
    NEW              shift, and go to state 69
    NOT              shift, and go to state 70
    LP               shift, and go to state 71

    INTEGER_LITERAL  [reduce using rule 10 (VarList)]
    IDENTIFIER       [reduce using rule 10 (VarList)]
    T_Int            [reduce using rule 10 (VarList)]
    T_Bool           [reduce using rule 10 (VarList)]
    T_True           [reduce using rule 10 (VarList)]
    T_False          [reduce using rule 10 (VarList)]
    IF               [reduce using rule 10 (VarList)]
    WHILE            [reduce using rule 10 (VarList)]
    SYS_PRINTLN      [reduce using rule 10 (VarList)]
    THIS             [reduce using rule 10 (VarList)]
    NEW              [reduce using rule 10 (VarList)]
    NOT              [reduce using rule 10 (VarList)]
    LP               [reduce using rule 10 (VarList)]
    $default         reduce using rule 10 (VarList)

    VarList                go to state 72
    VarDeclaration         go to state 21
    MethodBodyDeclaration  go to state 78
    Type                   go to state 22
    StatementList          go to state 74
    Statement              go to state 75
    Expression             go to state 76
    Identifier             go to state 77


State 61

    2 MainClass: CLASS Identifier '{' PUBLIC STATIC VOID MAIN LP STRING LHKP RHKP Identifier RP . '{' Statement '}' '}'

    '{'  shift, and go to state 79


State 62

   47 Expression: INTEGER_LITERAL .

    $default  reduce using rule 47 (Expression)


State 63

   48 Expression: T_True .

    $default  reduce using rule 48 (Expression)


State 64

   49 Expression: T_False .

    $default  reduce using rule 49 (Expression)


State 65

   29 Statement: IF . LP Expression RP '{' StatementList '}' ELSE '{' StatementList '}'

    LP  shift, and go to state 80


State 66

   30 Statement: WHILE . LP Expression RP '{' StatementList '}'

    LP  shift, and go to state 81


State 67

   31 Statement: SYS_PRINTLN . LP Expression RP ';'

    LP  shift, and go to state 82


State 68

   51 Expression: THIS .

    $default  reduce using rule 51 (Expression)


State 69

   52 Expression: NEW . T_Int LHKP Expression RHKP
   53           | NEW . Identifier LP RP

    IDENTIFIER  shift, and go to state 4
    T_Int       shift, and go to state 83

    Identifier  go to state 84


State 70

   54 Expression: NOT . Expression

    INTEGER_LITERAL  shift, and go to state 62
    IDENTIFIER       shift, and go to state 4
    T_True           shift, and go to state 63
    T_False          shift, and go to state 64
    THIS             shift, and go to state 68
    NEW              shift, and go to state 69
    NOT              shift, and go to state 70
    LP               shift, and go to state 71

    Expression  go to state 85
    Identifier  go to state 86


State 71

   55 Expression: LP . Expression RP

    INTEGER_LITERAL  shift, and go to state 62
    IDENTIFIER       shift, and go to state 4
    T_True           shift, and go to state 63
    T_False          shift, and go to state 64
    THIS             shift, and go to state 68
    NEW              shift, and go to state 69
    NOT              shift, and go to state 70
    LP               shift, and go to state 71

    Expression  go to state 87
    Identifier  go to state 86


State 72

    8 VarList: VarList . VarDeclaration
   18 MethodBodyDeclaration: VarList .

    T_Int   shift, and go to state 18
    T_Bool  shift, and go to state 19

    $default  reduce using rule 18 (MethodBodyDeclaration)

    VarDeclaration  go to state 27
    Type            go to state 22


State 73

   15 MethodDeclaration: PUBLIC VOID Identifier LP MethodParameterList RP '{' MethodBodyDeclaration . '}'
   17 MethodBodyDeclaration: MethodBodyDeclaration . Statement

    INTEGER_LITERAL  shift, and go to state 62
    IDENTIFIER       shift, and go to state 4
    T_True           shift, and go to state 63
    T_False          shift, and go to state 64
    IF               shift, and go to state 65
    WHILE            shift, and go to state 66
    SYS_PRINTLN      shift, and go to state 67
    THIS             shift, and go to state 68
    NEW              shift, and go to state 69
    NOT              shift, and go to state 70
    LP               shift, and go to state 71
    '}'              shift, and go to state 88

    Statement   go to state 89
    Expression  go to state 76
    Identifier  go to state 77


State 74

   19 MethodBodyDeclaration: StatementList .
   27 StatementList: StatementList . Statement

    INTEGER_LITERAL  shift, and go to state 62
    IDENTIFIER       shift, and go to state 4
    T_True           shift, and go to state 63
    T_False          shift, and go to state 64
    IF               shift, and go to state 65
    WHILE            shift, and go to state 66
    SYS_PRINTLN      shift, and go to state 67
    THIS             shift, and go to state 68
    NEW              shift, and go to state 69
    NOT              shift, and go to state 70
    LP               shift, and go to state 71

    INTEGER_LITERAL  [reduce using rule 19 (MethodBodyDeclaration)]
    IDENTIFIER       [reduce using rule 19 (MethodBodyDeclaration)]
    T_True           [reduce using rule 19 (MethodBodyDeclaration)]
    T_False          [reduce using rule 19 (MethodBodyDeclaration)]
    IF               [reduce using rule 19 (MethodBodyDeclaration)]
    WHILE            [reduce using rule 19 (MethodBodyDeclaration)]
    SYS_PRINTLN      [reduce using rule 19 (MethodBodyDeclaration)]
    THIS             [reduce using rule 19 (MethodBodyDeclaration)]
    NEW              [reduce using rule 19 (MethodBodyDeclaration)]
    NOT              [reduce using rule 19 (MethodBodyDeclaration)]
    LP               [reduce using rule 19 (MethodBodyDeclaration)]
    $default         reduce using rule 19 (MethodBodyDeclaration)

    Statement   go to state 90
    Expression  go to state 76
    Identifier  go to state 77


State 75

   28 StatementList: Statement .

    $default  reduce using rule 28 (StatementList)


State 76

   34 Statement: Expression .
   35 Expression: Expression . AND Expression
   36           | Expression . OR Expression
   37           | Expression . LT Expression
   38           | Expression . GT Expression
   39           | Expression . EQ Expression
   40           | Expression . PLUSOP Expression
   41           | Expression . MINOP Expression
   42           | Expression . MULOP Expression
   43           | Expression . DIVOP Expression
   44           | Expression . LHKP Expression RHKP
   45           | Expression . DOT LENGTH
   46           | Expression . DOT Identifier LP FunctionArgumentList RP

    PLUSOP  shift, and go to state 91
    MINOP   shift, and go to state 92
    MULOP   shift, and go to state 93
    DIVOP   shift, and go to state 94
    AND     shift, and go to state 95
    OR      shift, and go to state 96
    EQ      shift, and go to state 97
    LT      shift, and go to state 98
    GT      shift, and go to state 99
    DOT     shift, and go to state 100
    LHKP    shift, and go to state 101

    $default  reduce using rule 34 (Statement)


State 77

   32 Statement: Identifier . '=' Expression ';'
   33          | Identifier . LHKP Expression RHKP '=' Expression ';'
   50 Expression: Identifier .

    LHKP  shift, and go to state 102
    '='   shift, and go to state 103

    LHKP      [reduce using rule 50 (Expression)]
    $default  reduce using rule 50 (Expression)


State 78

   16 MethodDeclaration: PUBLIC Type Identifier LP MethodParameterList RP '{' MethodBodyDeclaration . RETURN Expression ';' '}'
   17 MethodBodyDeclaration: MethodBodyDeclaration . Statement

    INTEGER_LITERAL  shift, and go to state 62
    IDENTIFIER       shift, and go to state 4
    T_True           shift, and go to state 63
    T_False          shift, and go to state 64
    RETURN           shift, and go to state 104
    IF               shift, and go to state 65
    WHILE            shift, and go to state 66
    SYS_PRINTLN      shift, and go to state 67
    THIS             shift, and go to state 68
    NEW              shift, and go to state 69
    NOT              shift, and go to state 70
    LP               shift, and go to state 71

    Statement   go to state 89
    Expression  go to state 76
    Identifier  go to state 77


State 79

    2 MainClass: CLASS Identifier '{' PUBLIC STATIC VOID MAIN LP STRING LHKP RHKP Identifier RP '{' . Statement '}' '}'

    INTEGER_LITERAL  shift, and go to state 62
    IDENTIFIER       shift, and go to state 4
    T_True           shift, and go to state 63
    T_False          shift, and go to state 64
    IF               shift, and go to state 65
    WHILE            shift, and go to state 66
    SYS_PRINTLN      shift, and go to state 67
    THIS             shift, and go to state 68
    NEW              shift, and go to state 69
    NOT              shift, and go to state 70
    LP               shift, and go to state 71

    Statement   go to state 105
    Expression  go to state 76
    Identifier  go to state 77


State 80

   29 Statement: IF LP . Expression RP '{' StatementList '}' ELSE '{' StatementList '}'

    INTEGER_LITERAL  shift, and go to state 62
    IDENTIFIER       shift, and go to state 4
    T_True           shift, and go to state 63
    T_False          shift, and go to state 64
    THIS             shift, and go to state 68
    NEW              shift, and go to state 69
    NOT              shift, and go to state 70
    LP               shift, and go to state 71

    Expression  go to state 106
    Identifier  go to state 86


State 81

   30 Statement: WHILE LP . Expression RP '{' StatementList '}'

    INTEGER_LITERAL  shift, and go to state 62
    IDENTIFIER       shift, and go to state 4
    T_True           shift, and go to state 63
    T_False          shift, and go to state 64
    THIS             shift, and go to state 68
    NEW              shift, and go to state 69
    NOT              shift, and go to state 70
    LP               shift, and go to state 71

    Expression  go to state 107
    Identifier  go to state 86


State 82

   31 Statement: SYS_PRINTLN LP . Expression RP ';'

    INTEGER_LITERAL  shift, and go to state 62
    IDENTIFIER       shift, and go to state 4
    T_True           shift, and go to state 63
    T_False          shift, and go to state 64
    THIS             shift, and go to state 68
    NEW              shift, and go to state 69
    NOT              shift, and go to state 70
    LP               shift, and go to state 71

    Expression  go to state 108
    Identifier  go to state 86


State 83

   52 Expression: NEW T_Int . LHKP Expression RHKP

    LHKP  shift, and go to state 109


State 84

   53 Expression: NEW Identifier . LP RP

    LP  shift, and go to state 110


State 85

   35 Expression: Expression . AND Expression
   36           | Expression . OR Expression
   37           | Expression . LT Expression
   38           | Expression . GT Expression
   39           | Expression . EQ Expression
   40           | Expression . PLUSOP Expression
   41           | Expression . MINOP Expression
   42           | Expression . MULOP Expression
   43           | Expression . DIVOP Expression
   44           | Expression . LHKP Expression RHKP
   45           | Expression . DOT LENGTH
   46           | Expression . DOT Identifier LP FunctionArgumentList RP
   54           | NOT Expression .

    EQ    shift, and go to state 97
    LT    shift, and go to state 98
    GT    shift, and go to state 99
    DOT   shift, and go to state 100
    LHKP  shift, and go to state 101

    $default  reduce using rule 54 (Expression)


State 86

   50 Expression: Identifier .

    $default  reduce using rule 50 (Expression)


State 87

   35 Expression: Expression . AND Expression
   36           | Expression . OR Expression
   37           | Expression . LT Expression
   38           | Expression . GT Expression
   39           | Expression . EQ Expression
   40           | Expression . PLUSOP Expression
   41           | Expression . MINOP Expression
   42           | Expression . MULOP Expression
   43           | Expression . DIVOP Expression
   44           | Expression . LHKP Expression RHKP
   45           | Expression . DOT LENGTH
   46           | Expression . DOT Identifier LP FunctionArgumentList RP
   55           | LP Expression . RP

    PLUSOP  shift, and go to state 91
    MINOP   shift, and go to state 92
    MULOP   shift, and go to state 93
    DIVOP   shift, and go to state 94
    AND     shift, and go to state 95
    OR      shift, and go to state 96
    EQ      shift, and go to state 97
    LT      shift, and go to state 98
    GT      shift, and go to state 99
    DOT     shift, and go to state 100
    LHKP    shift, and go to state 101
    RP      shift, and go to state 111


State 88

   15 MethodDeclaration: PUBLIC VOID Identifier LP MethodParameterList RP '{' MethodBodyDeclaration '}' .

    $default  reduce using rule 15 (MethodDeclaration)


State 89

   17 MethodBodyDeclaration: MethodBodyDeclaration Statement .

    $default  reduce using rule 17 (MethodBodyDeclaration)


State 90

   27 StatementList: StatementList Statement .

    $default  reduce using rule 27 (StatementList)


State 91

   40 Expression: Expression PLUSOP . Expression

    INTEGER_LITERAL  shift, and go to state 62
    IDENTIFIER       shift, and go to state 4
    T_True           shift, and go to state 63
    T_False          shift, and go to state 64
    THIS             shift, and go to state 68
    NEW              shift, and go to state 69
    NOT              shift, and go to state 70
    LP               shift, and go to state 71

    Expression  go to state 112
    Identifier  go to state 86


State 92

   41 Expression: Expression MINOP . Expression

    INTEGER_LITERAL  shift, and go to state 62
    IDENTIFIER       shift, and go to state 4
    T_True           shift, and go to state 63
    T_False          shift, and go to state 64
    THIS             shift, and go to state 68
    NEW              shift, and go to state 69
    NOT              shift, and go to state 70
    LP               shift, and go to state 71

    Expression  go to state 113
    Identifier  go to state 86


State 93

   42 Expression: Expression MULOP . Expression

    INTEGER_LITERAL  shift, and go to state 62
    IDENTIFIER       shift, and go to state 4
    T_True           shift, and go to state 63
    T_False          shift, and go to state 64
    THIS             shift, and go to state 68
    NEW              shift, and go to state 69
    NOT              shift, and go to state 70
    LP               shift, and go to state 71

    Expression  go to state 114
    Identifier  go to state 86


State 94

   43 Expression: Expression DIVOP . Expression

    INTEGER_LITERAL  shift, and go to state 62
    IDENTIFIER       shift, and go to state 4
    T_True           shift, and go to state 63
    T_False          shift, and go to state 64
    THIS             shift, and go to state 68
    NEW              shift, and go to state 69
    NOT              shift, and go to state 70
    LP               shift, and go to state 71

    Expression  go to state 115
    Identifier  go to state 86


State 95

   35 Expression: Expression AND . Expression

    INTEGER_LITERAL  shift, and go to state 62
    IDENTIFIER       shift, and go to state 4
    T_True           shift, and go to state 63
    T_False          shift, and go to state 64
    THIS             shift, and go to state 68
    NEW              shift, and go to state 69
    NOT              shift, and go to state 70
    LP               shift, and go to state 71

    Expression  go to state 116
    Identifier  go to state 86


State 96

   36 Expression: Expression OR . Expression

    INTEGER_LITERAL  shift, and go to state 62
    IDENTIFIER       shift, and go to state 4
    T_True           shift, and go to state 63
    T_False          shift, and go to state 64
    THIS             shift, and go to state 68
    NEW              shift, and go to state 69
    NOT              shift, and go to state 70
    LP               shift, and go to state 71

    Expression  go to state 117
    Identifier  go to state 86


State 97

   39 Expression: Expression EQ . Expression

    INTEGER_LITERAL  shift, and go to state 62
    IDENTIFIER       shift, and go to state 4
    T_True           shift, and go to state 63
    T_False          shift, and go to state 64
    THIS             shift, and go to state 68
    NEW              shift, and go to state 69
    NOT              shift, and go to state 70
    LP               shift, and go to state 71

    Expression  go to state 118
    Identifier  go to state 86


State 98

   37 Expression: Expression LT . Expression

    INTEGER_LITERAL  shift, and go to state 62
    IDENTIFIER       shift, and go to state 4
    T_True           shift, and go to state 63
    T_False          shift, and go to state 64
    THIS             shift, and go to state 68
    NEW              shift, and go to state 69
    NOT              shift, and go to state 70
    LP               shift, and go to state 71

    Expression  go to state 119
    Identifier  go to state 86


State 99

   38 Expression: Expression GT . Expression

    INTEGER_LITERAL  shift, and go to state 62
    IDENTIFIER       shift, and go to state 4
    T_True           shift, and go to state 63
    T_False          shift, and go to state 64
    THIS             shift, and go to state 68
    NEW              shift, and go to state 69
    NOT              shift, and go to state 70
    LP               shift, and go to state 71

    Expression  go to state 120
    Identifier  go to state 86


State 100

   45 Expression: Expression DOT . LENGTH
   46           | Expression DOT . Identifier LP FunctionArgumentList RP

    IDENTIFIER  shift, and go to state 4
    LENGTH      shift, and go to state 121

    Identifier  go to state 122


State 101

   44 Expression: Expression LHKP . Expression RHKP

    INTEGER_LITERAL  shift, and go to state 62
    IDENTIFIER       shift, and go to state 4
    T_True           shift, and go to state 63
    T_False          shift, and go to state 64
    THIS             shift, and go to state 68
    NEW              shift, and go to state 69
    NOT              shift, and go to state 70
    LP               shift, and go to state 71

    Expression  go to state 123
    Identifier  go to state 86


State 102

   33 Statement: Identifier LHKP . Expression RHKP '=' Expression ';'

    INTEGER_LITERAL  shift, and go to state 62
    IDENTIFIER       shift, and go to state 4
    T_True           shift, and go to state 63
    T_False          shift, and go to state 64
    THIS             shift, and go to state 68
    NEW              shift, and go to state 69
    NOT              shift, and go to state 70
    LP               shift, and go to state 71

    Expression  go to state 124
    Identifier  go to state 86


State 103

   32 Statement: Identifier '=' . Expression ';'

    INTEGER_LITERAL  shift, and go to state 62
    IDENTIFIER       shift, and go to state 4
    T_True           shift, and go to state 63
    T_False          shift, and go to state 64
    THIS             shift, and go to state 68
    NEW              shift, and go to state 69
    NOT              shift, and go to state 70
    LP               shift, and go to state 71

    Expression  go to state 125
    Identifier  go to state 86


State 104

   16 MethodDeclaration: PUBLIC Type Identifier LP MethodParameterList RP '{' MethodBodyDeclaration RETURN . Expression ';' '}'

    INTEGER_LITERAL  shift, and go to state 62
    IDENTIFIER       shift, and go to state 4
    T_True           shift, and go to state 63
    T_False          shift, and go to state 64
    THIS             shift, and go to state 68
    NEW              shift, and go to state 69
    NOT              shift, and go to state 70
    LP               shift, and go to state 71

    Expression  go to state 126
    Identifier  go to state 86


State 105

    2 MainClass: CLASS Identifier '{' PUBLIC STATIC VOID MAIN LP STRING LHKP RHKP Identifier RP '{' Statement . '}' '}'

    '}'  shift, and go to state 127


State 106

   29 Statement: IF LP Expression . RP '{' StatementList '}' ELSE '{' StatementList '}'
   35 Expression: Expression . AND Expression
   36           | Expression . OR Expression
   37           | Expression . LT Expression
   38           | Expression . GT Expression
   39           | Expression . EQ Expression
   40           | Expression . PLUSOP Expression
   41           | Expression . MINOP Expression
   42           | Expression . MULOP Expression
   43           | Expression . DIVOP Expression
   44           | Expression . LHKP Expression RHKP
   45           | Expression . DOT LENGTH
   46           | Expression . DOT Identifier LP FunctionArgumentList RP

    PLUSOP  shift, and go to state 91
    MINOP   shift, and go to state 92
    MULOP   shift, and go to state 93
    DIVOP   shift, and go to state 94
    AND     shift, and go to state 95
    OR      shift, and go to state 96
    EQ      shift, and go to state 97
    LT      shift, and go to state 98
    GT      shift, and go to state 99
    DOT     shift, and go to state 100
    LHKP    shift, and go to state 101
    RP      shift, and go to state 128


State 107

   30 Statement: WHILE LP Expression . RP '{' StatementList '}'
   35 Expression: Expression . AND Expression
   36           | Expression . OR Expression
   37           | Expression . LT Expression
   38           | Expression . GT Expression
   39           | Expression . EQ Expression
   40           | Expression . PLUSOP Expression
   41           | Expression . MINOP Expression
   42           | Expression . MULOP Expression
   43           | Expression . DIVOP Expression
   44           | Expression . LHKP Expression RHKP
   45           | Expression . DOT LENGTH
   46           | Expression . DOT Identifier LP FunctionArgumentList RP

    PLUSOP  shift, and go to state 91
    MINOP   shift, and go to state 92
    MULOP   shift, and go to state 93
    DIVOP   shift, and go to state 94
    AND     shift, and go to state 95
    OR      shift, and go to state 96
    EQ      shift, and go to state 97
    LT      shift, and go to state 98
    GT      shift, and go to state 99
    DOT     shift, and go to state 100
    LHKP    shift, and go to state 101
    RP      shift, and go to state 129


State 108

   31 Statement: SYS_PRINTLN LP Expression . RP ';'
   35 Expression: Expression . AND Expression
   36           | Expression . OR Expression
   37           | Expression . LT Expression
   38           | Expression . GT Expression
   39           | Expression . EQ Expression
   40           | Expression . PLUSOP Expression
   41           | Expression . MINOP Expression
   42           | Expression . MULOP Expression
   43           | Expression . DIVOP Expression
   44           | Expression . LHKP Expression RHKP
   45           | Expression . DOT LENGTH
   46           | Expression . DOT Identifier LP FunctionArgumentList RP

    PLUSOP  shift, and go to state 91
    MINOP   shift, and go to state 92
    MULOP   shift, and go to state 93
    DIVOP   shift, and go to state 94
    AND     shift, and go to state 95
    OR      shift, and go to state 96
    EQ      shift, and go to state 97
    LT      shift, and go to state 98
    GT      shift, and go to state 99
    DOT     shift, and go to state 100
    LHKP    shift, and go to state 101
    RP      shift, and go to state 130


State 109

   52 Expression: NEW T_Int LHKP . Expression RHKP

    INTEGER_LITERAL  shift, and go to state 62
    IDENTIFIER       shift, and go to state 4
    T_True           shift, and go to state 63
    T_False          shift, and go to state 64
    THIS             shift, and go to state 68
    NEW              shift, and go to state 69
    NOT              shift, and go to state 70
    LP               shift, and go to state 71

    Expression  go to state 131
    Identifier  go to state 86


State 110

   53 Expression: NEW Identifier LP . RP

    RP  shift, and go to state 132


State 111

   55 Expression: LP Expression RP .

    $default  reduce using rule 55 (Expression)


State 112

   35 Expression: Expression . AND Expression
   36           | Expression . OR Expression
   37           | Expression . LT Expression
   38           | Expression . GT Expression
   39           | Expression . EQ Expression
   40           | Expression . PLUSOP Expression
   40           | Expression PLUSOP Expression .
   41           | Expression . MINOP Expression
   42           | Expression . MULOP Expression
   43           | Expression . DIVOP Expression
   44           | Expression . LHKP Expression RHKP
   45           | Expression . DOT LENGTH
   46           | Expression . DOT Identifier LP FunctionArgumentList RP

    MULOP  shift, and go to state 93
    DIVOP  shift, and go to state 94
    AND    shift, and go to state 95
    OR     shift, and go to state 96
    EQ     shift, and go to state 97
    LT     shift, and go to state 98
    GT     shift, and go to state 99
    DOT    shift, and go to state 100
    LHKP   shift, and go to state 101

    $default  reduce using rule 40 (Expression)


State 113

   35 Expression: Expression . AND Expression
   36           | Expression . OR Expression
   37           | Expression . LT Expression
   38           | Expression . GT Expression
   39           | Expression . EQ Expression
   40           | Expression . PLUSOP Expression
   41           | Expression . MINOP Expression
   41           | Expression MINOP Expression .
   42           | Expression . MULOP Expression
   43           | Expression . DIVOP Expression
   44           | Expression . LHKP Expression RHKP
   45           | Expression . DOT LENGTH
   46           | Expression . DOT Identifier LP FunctionArgumentList RP

    MULOP  shift, and go to state 93
    DIVOP  shift, and go to state 94
    AND    shift, and go to state 95
    OR     shift, and go to state 96
    EQ     shift, and go to state 97
    LT     shift, and go to state 98
    GT     shift, and go to state 99
    DOT    shift, and go to state 100
    LHKP   shift, and go to state 101

    $default  reduce using rule 41 (Expression)


State 114

   35 Expression: Expression . AND Expression
   36           | Expression . OR Expression
   37           | Expression . LT Expression
   38           | Expression . GT Expression
   39           | Expression . EQ Expression
   40           | Expression . PLUSOP Expression
   41           | Expression . MINOP Expression
   42           | Expression . MULOP Expression
   42           | Expression MULOP Expression .
   43           | Expression . DIVOP Expression
   44           | Expression . LHKP Expression RHKP
   45           | Expression . DOT LENGTH
   46           | Expression . DOT Identifier LP FunctionArgumentList RP

    AND   shift, and go to state 95
    OR    shift, and go to state 96
    EQ    shift, and go to state 97
    LT    shift, and go to state 98
    GT    shift, and go to state 99
    DOT   shift, and go to state 100
    LHKP  shift, and go to state 101

    $default  reduce using rule 42 (Expression)


State 115

   35 Expression: Expression . AND Expression
   36           | Expression . OR Expression
   37           | Expression . LT Expression
   38           | Expression . GT Expression
   39           | Expression . EQ Expression
   40           | Expression . PLUSOP Expression
   41           | Expression . MINOP Expression
   42           | Expression . MULOP Expression
   43           | Expression . DIVOP Expression
   43           | Expression DIVOP Expression .
   44           | Expression . LHKP Expression RHKP
   45           | Expression . DOT LENGTH
   46           | Expression . DOT Identifier LP FunctionArgumentList RP

    AND   shift, and go to state 95
    OR    shift, and go to state 96
    EQ    shift, and go to state 97
    LT    shift, and go to state 98
    GT    shift, and go to state 99
    DOT   shift, and go to state 100
    LHKP  shift, and go to state 101

    $default  reduce using rule 43 (Expression)


State 116

   35 Expression: Expression . AND Expression
   35           | Expression AND Expression .
   36           | Expression . OR Expression
   37           | Expression . LT Expression
   38           | Expression . GT Expression
   39           | Expression . EQ Expression
   40           | Expression . PLUSOP Expression
   41           | Expression . MINOP Expression
   42           | Expression . MULOP Expression
   43           | Expression . DIVOP Expression
   44           | Expression . LHKP Expression RHKP
   45           | Expression . DOT LENGTH
   46           | Expression . DOT Identifier LP FunctionArgumentList RP

    EQ    shift, and go to state 97
    LT    shift, and go to state 98
    GT    shift, and go to state 99
    DOT   shift, and go to state 100
    LHKP  shift, and go to state 101

    $default  reduce using rule 35 (Expression)


State 117

   35 Expression: Expression . AND Expression
   36           | Expression . OR Expression
   36           | Expression OR Expression .
   37           | Expression . LT Expression
   38           | Expression . GT Expression
   39           | Expression . EQ Expression
   40           | Expression . PLUSOP Expression
   41           | Expression . MINOP Expression
   42           | Expression . MULOP Expression
   43           | Expression . DIVOP Expression
   44           | Expression . LHKP Expression RHKP
   45           | Expression . DOT LENGTH
   46           | Expression . DOT Identifier LP FunctionArgumentList RP

    EQ    shift, and go to state 97
    LT    shift, and go to state 98
    GT    shift, and go to state 99
    DOT   shift, and go to state 100
    LHKP  shift, and go to state 101

    $default  reduce using rule 36 (Expression)


State 118

   35 Expression: Expression . AND Expression
   36           | Expression . OR Expression
   37           | Expression . LT Expression
   38           | Expression . GT Expression
   39           | Expression . EQ Expression
   39           | Expression EQ Expression .
   40           | Expression . PLUSOP Expression
   41           | Expression . MINOP Expression
   42           | Expression . MULOP Expression
   43           | Expression . DIVOP Expression
   44           | Expression . LHKP Expression RHKP
   45           | Expression . DOT LENGTH
   46           | Expression . DOT Identifier LP FunctionArgumentList RP

    LT    shift, and go to state 98
    GT    shift, and go to state 99
    DOT   shift, and go to state 100
    LHKP  shift, and go to state 101

    $default  reduce using rule 39 (Expression)


State 119

   35 Expression: Expression . AND Expression
   36           | Expression . OR Expression
   37           | Expression . LT Expression
   37           | Expression LT Expression .
   38           | Expression . GT Expression
   39           | Expression . EQ Expression
   40           | Expression . PLUSOP Expression
   41           | Expression . MINOP Expression
   42           | Expression . MULOP Expression
   43           | Expression . DIVOP Expression
   44           | Expression . LHKP Expression RHKP
   45           | Expression . DOT LENGTH
   46           | Expression . DOT Identifier LP FunctionArgumentList RP

    DOT   shift, and go to state 100
    LHKP  shift, and go to state 101

    $default  reduce using rule 37 (Expression)


State 120

   35 Expression: Expression . AND Expression
   36           | Expression . OR Expression
   37           | Expression . LT Expression
   38           | Expression . GT Expression
   38           | Expression GT Expression .
   39           | Expression . EQ Expression
   40           | Expression . PLUSOP Expression
   41           | Expression . MINOP Expression
   42           | Expression . MULOP Expression
   43           | Expression . DIVOP Expression
   44           | Expression . LHKP Expression RHKP
   45           | Expression . DOT LENGTH
   46           | Expression . DOT Identifier LP FunctionArgumentList RP

    DOT   shift, and go to state 100
    LHKP  shift, and go to state 101

    $default  reduce using rule 38 (Expression)


State 121

   45 Expression: Expression DOT LENGTH .

    $default  reduce using rule 45 (Expression)


State 122

   46 Expression: Expression DOT Identifier . LP FunctionArgumentList RP

    LP  shift, and go to state 133


State 123

   35 Expression: Expression . AND Expression
   36           | Expression . OR Expression
   37           | Expression . LT Expression
   38           | Expression . GT Expression
   39           | Expression . EQ Expression
   40           | Expression . PLUSOP Expression
   41           | Expression . MINOP Expression
   42           | Expression . MULOP Expression
   43           | Expression . DIVOP Expression
   44           | Expression . LHKP Expression RHKP
   44           | Expression LHKP Expression . RHKP
   45           | Expression . DOT LENGTH
   46           | Expression . DOT Identifier LP FunctionArgumentList RP

    PLUSOP  shift, and go to state 91
    MINOP   shift, and go to state 92
    MULOP   shift, and go to state 93
    DIVOP   shift, and go to state 94
    AND     shift, and go to state 95
    OR      shift, and go to state 96
    EQ      shift, and go to state 97
    LT      shift, and go to state 98
    GT      shift, and go to state 99
    DOT     shift, and go to state 100
    LHKP    shift, and go to state 101
    RHKP    shift, and go to state 134


State 124

   33 Statement: Identifier LHKP Expression . RHKP '=' Expression ';'
   35 Expression: Expression . AND Expression
   36           | Expression . OR Expression
   37           | Expression . LT Expression
   38           | Expression . GT Expression
   39           | Expression . EQ Expression
   40           | Expression . PLUSOP Expression
   41           | Expression . MINOP Expression
   42           | Expression . MULOP Expression
   43           | Expression . DIVOP Expression
   44           | Expression . LHKP Expression RHKP
   45           | Expression . DOT LENGTH
   46           | Expression . DOT Identifier LP FunctionArgumentList RP

    PLUSOP  shift, and go to state 91
    MINOP   shift, and go to state 92
    MULOP   shift, and go to state 93
    DIVOP   shift, and go to state 94
    AND     shift, and go to state 95
    OR      shift, and go to state 96
    EQ      shift, and go to state 97
    LT      shift, and go to state 98
    GT      shift, and go to state 99
    DOT     shift, and go to state 100
    LHKP    shift, and go to state 101
    RHKP    shift, and go to state 135


State 125

   32 Statement: Identifier '=' Expression . ';'
   35 Expression: Expression . AND Expression
   36           | Expression . OR Expression
   37           | Expression . LT Expression
   38           | Expression . GT Expression
   39           | Expression . EQ Expression
   40           | Expression . PLUSOP Expression
   41           | Expression . MINOP Expression
   42           | Expression . MULOP Expression
   43           | Expression . DIVOP Expression
   44           | Expression . LHKP Expression RHKP
   45           | Expression . DOT LENGTH
   46           | Expression . DOT Identifier LP FunctionArgumentList RP

    PLUSOP  shift, and go to state 91
    MINOP   shift, and go to state 92
    MULOP   shift, and go to state 93
    DIVOP   shift, and go to state 94
    AND     shift, and go to state 95
    OR      shift, and go to state 96
    EQ      shift, and go to state 97
    LT      shift, and go to state 98
    GT      shift, and go to state 99
    DOT     shift, and go to state 100
    LHKP    shift, and go to state 101
    ';'     shift, and go to state 136


State 126

   16 MethodDeclaration: PUBLIC Type Identifier LP MethodParameterList RP '{' MethodBodyDeclaration RETURN Expression . ';' '}'
   35 Expression: Expression . AND Expression
   36           | Expression . OR Expression
   37           | Expression . LT Expression
   38           | Expression . GT Expression
   39           | Expression . EQ Expression
   40           | Expression . PLUSOP Expression
   41           | Expression . MINOP Expression
   42           | Expression . MULOP Expression
   43           | Expression . DIVOP Expression
   44           | Expression . LHKP Expression RHKP
   45           | Expression . DOT LENGTH
   46           | Expression . DOT Identifier LP FunctionArgumentList RP

    PLUSOP  shift, and go to state 91
    MINOP   shift, and go to state 92
    MULOP   shift, and go to state 93
    DIVOP   shift, and go to state 94
    AND     shift, and go to state 95
    OR      shift, and go to state 96
    EQ      shift, and go to state 97
    LT      shift, and go to state 98
    GT      shift, and go to state 99
    DOT     shift, and go to state 100
    LHKP    shift, and go to state 101
    ';'     shift, and go to state 137


State 127

    2 MainClass: CLASS Identifier '{' PUBLIC STATIC VOID MAIN LP STRING LHKP RHKP Identifier RP '{' Statement '}' . '}'

    '}'  shift, and go to state 138


State 128

   29 Statement: IF LP Expression RP . '{' StatementList '}' ELSE '{' StatementList '}'

    '{'  shift, and go to state 139


State 129

   30 Statement: WHILE LP Expression RP . '{' StatementList '}'

    '{'  shift, and go to state 140


State 130

   31 Statement: SYS_PRINTLN LP Expression RP . ';'

    ';'  shift, and go to state 141


State 131

   35 Expression: Expression . AND Expression
   36           | Expression . OR Expression
   37           | Expression . LT Expression
   38           | Expression . GT Expression
   39           | Expression . EQ Expression
   40           | Expression . PLUSOP Expression
   41           | Expression . MINOP Expression
   42           | Expression . MULOP Expression
   43           | Expression . DIVOP Expression
   44           | Expression . LHKP Expression RHKP
   45           | Expression . DOT LENGTH
   46           | Expression . DOT Identifier LP FunctionArgumentList RP
   52           | NEW T_Int LHKP Expression . RHKP

    PLUSOP  shift, and go to state 91
    MINOP   shift, and go to state 92
    MULOP   shift, and go to state 93
    DIVOP   shift, and go to state 94
    AND     shift, and go to state 95
    OR      shift, and go to state 96
    EQ      shift, and go to state 97
    LT      shift, and go to state 98
    GT      shift, and go to state 99
    DOT     shift, and go to state 100
    LHKP    shift, and go to state 101
    RHKP    shift, and go to state 142


State 132

   53 Expression: NEW Identifier LP RP .

    $default  reduce using rule 53 (Expression)


State 133

   46 Expression: Expression DOT Identifier LP . FunctionArgumentList RP

    INTEGER_LITERAL  shift, and go to state 62
    IDENTIFIER       shift, and go to state 4
    T_True           shift, and go to state 63
    T_False          shift, and go to state 64
    THIS             shift, and go to state 68
    NEW              shift, and go to state 69
    NOT              shift, and go to state 70
    LP               shift, and go to state 71

    $default  reduce using rule 58 (FunctionArgumentList)

    Expression            go to state 143
    FunctionArgumentList  go to state 144
    Identifier            go to state 86


State 134

   44 Expression: Expression LHKP Expression RHKP .

    $default  reduce using rule 44 (Expression)


State 135

   33 Statement: Identifier LHKP Expression RHKP . '=' Expression ';'

    '='  shift, and go to state 145


State 136

   32 Statement: Identifier '=' Expression ';' .

    $default  reduce using rule 32 (Statement)


State 137

   16 MethodDeclaration: PUBLIC Type Identifier LP MethodParameterList RP '{' MethodBodyDeclaration RETURN Expression ';' . '}'

    '}'  shift, and go to state 146


State 138

    2 MainClass: CLASS Identifier '{' PUBLIC STATIC VOID MAIN LP STRING LHKP RHKP Identifier RP '{' Statement '}' '}' .

    $default  reduce using rule 2 (MainClass)


State 139

   29 Statement: IF LP Expression RP '{' . StatementList '}' ELSE '{' StatementList '}'

    INTEGER_LITERAL  shift, and go to state 62
    IDENTIFIER       shift, and go to state 4
    T_True           shift, and go to state 63
    T_False          shift, and go to state 64
    IF               shift, and go to state 65
    WHILE            shift, and go to state 66
    SYS_PRINTLN      shift, and go to state 67
    THIS             shift, and go to state 68
    NEW              shift, and go to state 69
    NOT              shift, and go to state 70
    LP               shift, and go to state 71

    StatementList  go to state 147
    Statement      go to state 75
    Expression     go to state 76
    Identifier     go to state 77


State 140

   30 Statement: WHILE LP Expression RP '{' . StatementList '}'

    INTEGER_LITERAL  shift, and go to state 62
    IDENTIFIER       shift, and go to state 4
    T_True           shift, and go to state 63
    T_False          shift, and go to state 64
    IF               shift, and go to state 65
    WHILE            shift, and go to state 66
    SYS_PRINTLN      shift, and go to state 67
    THIS             shift, and go to state 68
    NEW              shift, and go to state 69
    NOT              shift, and go to state 70
    LP               shift, and go to state 71

    StatementList  go to state 148
    Statement      go to state 75
    Expression     go to state 76
    Identifier     go to state 77


State 141

   31 Statement: SYS_PRINTLN LP Expression RP ';' .

    $default  reduce using rule 31 (Statement)


State 142

   52 Expression: NEW T_Int LHKP Expression RHKP .

    $default  reduce using rule 52 (Expression)


State 143

   35 Expression: Expression . AND Expression
   36           | Expression . OR Expression
   37           | Expression . LT Expression
   38           | Expression . GT Expression
   39           | Expression . EQ Expression
   40           | Expression . PLUSOP Expression
   41           | Expression . MINOP Expression
   42           | Expression . MULOP Expression
   43           | Expression . DIVOP Expression
   44           | Expression . LHKP Expression RHKP
   45           | Expression . DOT LENGTH
   46           | Expression . DOT Identifier LP FunctionArgumentList RP
   57 FunctionArgumentList: Expression .

    PLUSOP  shift, and go to state 91
    MINOP   shift, and go to state 92
    MULOP   shift, and go to state 93
    DIVOP   shift, and go to state 94
    AND     shift, and go to state 95
    OR      shift, and go to state 96
    EQ      shift, and go to state 97
    LT      shift, and go to state 98
    GT      shift, and go to state 99
    DOT     shift, and go to state 100
    LHKP    shift, and go to state 101

    $default  reduce using rule 57 (FunctionArgumentList)


State 144

   46 Expression: Expression DOT Identifier LP FunctionArgumentList . RP
   56 FunctionArgumentList: FunctionArgumentList . ',' Expression

    RP   shift, and go to state 149
    ','  shift, and go to state 150


State 145

   33 Statement: Identifier LHKP Expression RHKP '=' . Expression ';'

    INTEGER_LITERAL  shift, and go to state 62
    IDENTIFIER       shift, and go to state 4
    T_True           shift, and go to state 63
    T_False          shift, and go to state 64
    THIS             shift, and go to state 68
    NEW              shift, and go to state 69
    NOT              shift, and go to state 70
    LP               shift, and go to state 71

    Expression  go to state 151
    Identifier  go to state 86


State 146

   16 MethodDeclaration: PUBLIC Type Identifier LP MethodParameterList RP '{' MethodBodyDeclaration RETURN Expression ';' '}' .

    $default  reduce using rule 16 (MethodDeclaration)


State 147

   27 StatementList: StatementList . Statement
   29 Statement: IF LP Expression RP '{' StatementList . '}' ELSE '{' StatementList '}'

    INTEGER_LITERAL  shift, and go to state 62
    IDENTIFIER       shift, and go to state 4
    T_True           shift, and go to state 63
    T_False          shift, and go to state 64
    IF               shift, and go to state 65
    WHILE            shift, and go to state 66
    SYS_PRINTLN      shift, and go to state 67
    THIS             shift, and go to state 68
    NEW              shift, and go to state 69
    NOT              shift, and go to state 70
    LP               shift, and go to state 71
    '}'              shift, and go to state 152

    Statement   go to state 90
    Expression  go to state 76
    Identifier  go to state 77


State 148

   27 StatementList: StatementList . Statement
   30 Statement: WHILE LP Expression RP '{' StatementList . '}'

    INTEGER_LITERAL  shift, and go to state 62
    IDENTIFIER       shift, and go to state 4
    T_True           shift, and go to state 63
    T_False          shift, and go to state 64
    IF               shift, and go to state 65
    WHILE            shift, and go to state 66
    SYS_PRINTLN      shift, and go to state 67
    THIS             shift, and go to state 68
    NEW              shift, and go to state 69
    NOT              shift, and go to state 70
    LP               shift, and go to state 71
    '}'              shift, and go to state 153

    Statement   go to state 90
    Expression  go to state 76
    Identifier  go to state 77


State 149

   46 Expression: Expression DOT Identifier LP FunctionArgumentList RP .

    $default  reduce using rule 46 (Expression)


State 150

   56 FunctionArgumentList: FunctionArgumentList ',' . Expression

    INTEGER_LITERAL  shift, and go to state 62
    IDENTIFIER       shift, and go to state 4
    T_True           shift, and go to state 63
    T_False          shift, and go to state 64
    THIS             shift, and go to state 68
    NEW              shift, and go to state 69
    NOT              shift, and go to state 70
    LP               shift, and go to state 71

    Expression  go to state 154
    Identifier  go to state 86


State 151

   33 Statement: Identifier LHKP Expression RHKP '=' Expression . ';'
   35 Expression: Expression . AND Expression
   36           | Expression . OR Expression
   37           | Expression . LT Expression
   38           | Expression . GT Expression
   39           | Expression . EQ Expression
   40           | Expression . PLUSOP Expression
   41           | Expression . MINOP Expression
   42           | Expression . MULOP Expression
   43           | Expression . DIVOP Expression
   44           | Expression . LHKP Expression RHKP
   45           | Expression . DOT LENGTH
   46           | Expression . DOT Identifier LP FunctionArgumentList RP

    PLUSOP  shift, and go to state 91
    MINOP   shift, and go to state 92
    MULOP   shift, and go to state 93
    DIVOP   shift, and go to state 94
    AND     shift, and go to state 95
    OR      shift, and go to state 96
    EQ      shift, and go to state 97
    LT      shift, and go to state 98
    GT      shift, and go to state 99
    DOT     shift, and go to state 100
    LHKP    shift, and go to state 101
    ';'     shift, and go to state 155


State 152

   29 Statement: IF LP Expression RP '{' StatementList '}' . ELSE '{' StatementList '}'

    ELSE  shift, and go to state 156


State 153

   30 Statement: WHILE LP Expression RP '{' StatementList '}' .

    $default  reduce using rule 30 (Statement)


State 154

   35 Expression: Expression . AND Expression
   36           | Expression . OR Expression
   37           | Expression . LT Expression
   38           | Expression . GT Expression
   39           | Expression . EQ Expression
   40           | Expression . PLUSOP Expression
   41           | Expression . MINOP Expression
   42           | Expression . MULOP Expression
   43           | Expression . DIVOP Expression
   44           | Expression . LHKP Expression RHKP
   45           | Expression . DOT LENGTH
   46           | Expression . DOT Identifier LP FunctionArgumentList RP
   56 FunctionArgumentList: FunctionArgumentList ',' Expression .

    PLUSOP  shift, and go to state 91
    MINOP   shift, and go to state 92
    MULOP   shift, and go to state 93
    DIVOP   shift, and go to state 94
    AND     shift, and go to state 95
    OR      shift, and go to state 96
    EQ      shift, and go to state 97
    LT      shift, and go to state 98
    GT      shift, and go to state 99
    DOT     shift, and go to state 100
    LHKP    shift, and go to state 101

    $default  reduce using rule 56 (FunctionArgumentList)


State 155

   33 Statement: Identifier LHKP Expression RHKP '=' Expression ';' .

    $default  reduce using rule 33 (Statement)


State 156

   29 Statement: IF LP Expression RP '{' StatementList '}' ELSE . '{' StatementList '}'

    '{'  shift, and go to state 157


State 157

   29 Statement: IF LP Expression RP '{' StatementList '}' ELSE '{' . StatementList '}'

    INTEGER_LITERAL  shift, and go to state 62
    IDENTIFIER       shift, and go to state 4
    T_True           shift, and go to state 63
    T_False          shift, and go to state 64
    IF               shift, and go to state 65
    WHILE            shift, and go to state 66
    SYS_PRINTLN      shift, and go to state 67
    THIS             shift, and go to state 68
    NEW              shift, and go to state 69
    NOT              shift, and go to state 70
    LP               shift, and go to state 71

    StatementList  go to state 158
    Statement      go to state 75
    Expression     go to state 76
    Identifier     go to state 77


State 158

   27 StatementList: StatementList . Statement
   29 Statement: IF LP Expression RP '{' StatementList '}' ELSE '{' StatementList . '}'

    INTEGER_LITERAL  shift, and go to state 62
    IDENTIFIER       shift, and go to state 4
    T_True           shift, and go to state 63
    T_False          shift, and go to state 64
    IF               shift, and go to state 65
    WHILE            shift, and go to state 66
    SYS_PRINTLN      shift, and go to state 67
    THIS             shift, and go to state 68
    NEW              shift, and go to state 69
    NOT              shift, and go to state 70
    LP               shift, and go to state 71
    '}'              shift, and go to state 159

    Statement   go to state 90
    Expression  go to state 76
    Identifier  go to state 77


State 159

   29 Statement: IF LP Expression RP '{' StatementList '}' ELSE '{' StatementList '}' .

    $default  reduce using rule 29 (Statement)
